<?xml version="1.0" encoding="UTF-8"?>
<!-- Generated by org.testng.reporters.JUnitXMLReporter -->
<testsuite ignored="0" hostname="LIN-5CG1340X4T" failures="0" tests="4" name="Default test" time="0.051" errors="0" timestamp="2024-12-09T19:18:56 IST">
  <testcase classname="tags.DataProvider.DataProviderTest" name="Login" time="0.007"/>
  <testcase classname="tags.DataProvider.DataProviderTest" name="Login" time="0.001"/>
  <testcase classname="tags.DataProvider.DataProviderTest" name="Login" time="0.001"/>
  <testcase classname="tags.DataProvider.DataProviderTest" name="Login" time="0.001"/>
</testsuite> <!-- Default test -->
