<?xml version="1.0" encoding="UTF-8"?>
<!-- Generated by org.testng.reporters.JUnitXMLReporter -->
<testsuite ignored="10" hostname="LIN-5CG1340X4T" failures="0" tests="2" name="Test" time="0.046" errors="0" timestamp="2024-12-04T14:59:35 IST">
  <testcase classname="tags.Grouping" name="m1" time="0.007"/>
  <testcase classname="tags.Grouping2" name="m7" time="0.001"/>
  <testcase classname="tags.Grouping3" name="m11" time="0.0">
    <ignored/>
  </testcase> <!-- m11 -->
  <testcase classname="tags.Grouping3" name="m12" time="0.0">
    <ignored/>
  </testcase> <!-- m12 -->
  <testcase classname="tags.Grouping3" name="m9" time="0.0">
    <ignored/>
  </testcase> <!-- m9 -->
  <testcase classname="tags.Grouping3" name="m10" time="0.0">
    <ignored/>
  </testcase> <!-- m10 -->
  <testcase classname="tags.Grouping2" name="m8" time="0.0">
    <ignored/>
  </testcase> <!-- m8 -->
  <testcase classname="tags.Grouping2" name="m5" time="0.0">
    <ignored/>
  </testcase> <!-- m5 -->
  <testcase classname="tags.Grouping2" name="m6" time="0.0">
    <ignored/>
  </testcase> <!-- m6 -->
  <testcase classname="tags.Grouping" name="m3" time="0.0">
    <ignored/>
  </testcase> <!-- m3 -->
  <testcase classname="tags.Grouping" name="m2" time="0.0">
    <ignored/>
  </testcase> <!-- m2 -->
  <testcase classname="tags.Grouping" name="m4" time="0.0">
    <ignored/>
  </testcase> <!-- m4 -->
</testsuite> <!-- Test -->
