<?xml version="1.0" encoding="UTF-8"?>
<!-- Generated by org.testng.reporters.JUnitXMLReporter -->
<testsuite ignored="0" hostname="LIN-5CG1340X4T" failures="1" tests="3" name="Test" time="0.249" errors="0" timestamp="2024-12-09T19:15:38 IST">
  <testcase classname="tags.listeners.Listeners" name="openApp" time="0.007"/>
  <testcase classname="tags.listeners.Listeners" name="login" time="0.001">
    <failure type="java.lang.AssertionError" message="expected [false] but found [true]">
      <![CDATA[java.lang.AssertionError: expected [false] but found [true]
at tags.listeners.Listeners.login(Listeners.java:21)
at java.base/java.util.ArrayList.forEach(ArrayList.java:1511)
... Removed 33 stack frames]]>
    </failure>
  </testcase> <!-- login -->
  <testcase classname="tags.listeners.Listeners" name="logout" time="0.0">
    <skipped/>
  </testcase> <!-- logout -->
</testsuite> <!-- Test -->
