<?xml version="1.0" encoding="UTF-8"?>
<testng-results ignored="0" total="4" passed="4" failed="0" skipped="0">
  <reporter-output>
  </reporter-output>
  <suite started-at="2024-12-09T19:18:56 IST" name="Default suite" finished-at="2024-12-09T19:18:56 IST" duration-ms="51">
    <groups>
    </groups>
    <test started-at="2024-12-09T19:18:56 IST" name="Default test" finished-at="2024-12-09T19:18:56 IST" duration-ms="51">
      <class name="tags.DataProvider.DataProviderTest">
        <test-method signature="Login(java.lang.String,java.lang.String)[pri:0, instance:tags.DataProvider.DataProviderTest@f5acb9d]" started-at="2024-12-09T19:18:56 IST" name="Login" data-provider="dp" finished-at="2024-12-09T19:18:56 IST" duration-ms="7" status="PASS">
          <params>
            <param index="0">
              <value>
                <![CDATA[niteeshxyz@gmail.com]]>
              </value>
            </param>
            <param index="1">
              <value>
                <![CDATA[adc123]]>
              </value>
            </param>
          </params>
          <reporter-output>
          </reporter-output>
        </test-method> <!-- Login -->
        <test-method signature="Login(java.lang.String,java.lang.String)[pri:0, instance:tags.DataProvider.DataProviderTest@f5acb9d]" started-at="2024-12-09T19:18:56 IST" name="Login" data-provider="dp" finished-at="2024-12-09T19:18:56 IST" duration-ms="1" status="PASS">
          <params>
            <param index="0">
              <value>
                <![CDATA[niteeshabc@gmail.com]]>
              </value>
            </param>
            <param index="1">
              <value>
                <![CDATA[abc234]]>
              </value>
            </param>
          </params>
          <reporter-output>
          </reporter-output>
        </test-method> <!-- Login -->
        <test-method signature="Login(java.lang.String,java.lang.String)[pri:0, instance:tags.DataProvider.DataProviderTest@f5acb9d]" started-at="2024-12-09T19:18:56 IST" name="Login" data-provider="dp" finished-at="2024-12-09T19:18:56 IST" duration-ms="1" status="PASS">
          <params>
            <param index="0">
              <value>
                <![CDATA[niteeshmno@gmail.com]]>
              </value>
            </param>
            <param index="1">
              <value>
                <![CDATA[abc345]]>
              </value>
            </param>
          </params>
          <reporter-output>
          </reporter-output>
        </test-method> <!-- Login -->
        <test-method signature="Login(java.lang.String,java.lang.String)[pri:0, instance:tags.DataProvider.DataProviderTest@f5acb9d]" started-at="2024-12-09T19:18:56 IST" name="Login" data-provider="dp" finished-at="2024-12-09T19:18:56 IST" duration-ms="1" status="PASS">
          <params>
            <param index="0">
              <value>
                <![CDATA[niteeshpqr@gmail.com]]>
              </value>
            </param>
            <param index="1">
              <value>
                <![CDATA[abc456]]>
              </value>
            </param>
          </params>
          <reporter-output>
          </reporter-output>
        </test-method> <!-- Login -->
      </class> <!-- tags.DataProvider.DataProviderTest -->
    </test> <!-- Default test -->
  </suite> <!-- Default suite -->
</testng-results>
